<?xml version="1.0" encoding="UTF-8"?>
<!-- Generated by org.testng.reporters.JUnitReportReporter -->
<testsuite skipped="0" hostname="ue-PC" name="TestNGP.ExceptionTimeoutTest" tests="1" failures="0" timestamp="2020-02-04T12:38:03 IST" time="0.003" errors="0">
  <testcase name="test1" time="0.003" classname="TestNGP.ExceptionTimeoutTest"/>
</testsuite> <!-- TestNGP.ExceptionTimeoutTest -->
