<?xml version="1.0" encoding="UTF-8"?>
<!-- Generated by org.testng.reporters.JUnitReportReporter -->
<testsuite skipped="0" hostname="ue-PC" name="TestNGP.InvocationCountTest" tests="5" failures="0" timestamp="2020-02-04T12:38:03 IST" time="0.000" errors="0">
  <testcase name="sum" time="0.000" classname="TestNGP.InvocationCountTest"/>
  <testcase name="sum" time="0.000" classname="TestNGP.InvocationCountTest"/>
  <testcase name="sum" time="0.000" classname="TestNGP.InvocationCountTest"/>
  <testcase name="sum" time="0.000" classname="TestNGP.InvocationCountTest"/>
  <testcase name="sum" time="0.000" classname="TestNGP.InvocationCountTest"/>
</testsuite> <!-- TestNGP.InvocationCountTest -->
