<?xml version="1.0" encoding="UTF-8"?>
<!-- Generated by org.testng.reporters.JUnitReportReporter -->
<testsuite skipped="0" hostname="ue-PC" name="TestNGP.TestNGbasics" tests="3" failures="0" timestamp="2020-02-04T12:38:03 IST" time="0.010" errors="0">
  <testcase name="search" time="0.010" classname="TestNGP.TestNGbasics"/>
  <testcase name="googleLogoTest" time="0.000" classname="TestNGP.TestNGbasics"/>
  <testcase name="googleTitleTest" time="0.000" classname="TestNGP.TestNGbasics"/>
</testsuite> <!-- TestNGP.TestNGbasics -->
