<?xml version="1.0" encoding="UTF-8"?>
<!-- Generated by org.testng.reporters.JUnitReportReporter -->
<testsuite skipped="0" hostname="ue-PC" name="TestNGP.Dataparameterized" tests="3" failures="0" timestamp="2020-02-05T11:45:01 IST" time="0.017" errors="0">
  <testcase name="RegisterUser" time="0.002" classname="TestNGP.Dataparameterized"/>
  <testcase name="RegisterUser" time="0.002" classname="TestNGP.Dataparameterized"/>
  <testcase name="RegisterUser" time="0.013" classname="TestNGP.Dataparameterized"/>
</testsuite> <!-- TestNGP.Dataparameterized -->
