<?xml version="1.0" encoding="UTF-8"?>
<!-- Generated by org.testng.reporters.JUnitReportReporter -->
<testsuite skipped="0" hostname="ue-PC" name="TestNGP.practice" tests="1" failures="0" timestamp="2020-02-07T12:04:26 IST" time="14.226" errors="0">
  <testcase name="LogIn" time="14.226" classname="TestNGP.practice"/>
</testsuite> <!-- TestNGP.practice -->
